<?xml version="1.0" encoding="UTF-8"?>
<testsuite name="com.linecorp.bot.model.profile.ProfileResponseTest" tests="2" skipped="0" failures="0" errors="0" timestamp="2017-11-06T02:41:29" hostname="user" time="0.031">
  <properties/>
  <testcase name="testProfile" classname="com.linecorp.bot.model.profile.ProfileResponseTest" time="0.012"/>
  <testcase name="testMemberProfile" classname="com.linecorp.bot.model.profile.ProfileResponseTest" time="0.018"/>
  <system-out><![CDATA[]]></system-out>
  <system-err><![CDATA[]]></system-err>
</testsuite>
