<?xml version="1.0" encoding="UTF-8"?>
<testsuite name="com.linecorp.bot.model.event.MessageEventTest" tests="2" skipped="0" failures="0" errors="0" timestamp="2017-11-06T02:41:28" hostname="user" time="0.008">
  <properties/>
  <testcase name="getMessageBinaryCompatibilityTest" classname="com.linecorp.bot.model.event.MessageEventTest" time="0.004"/>
  <testcase name="constructor2ndParameterBinaryCompatibilityTest" classname="com.linecorp.bot.model.event.MessageEventTest" time="0.004"/>
  <system-out><![CDATA[]]></system-out>
  <system-err><![CDATA[]]></system-err>
</testsuite>
