<?xml version="1.0" encoding="UTF-8"?>
<testsuite name="com.linecorp.bot.model.event.ReplyEventTest" tests="1" skipped="0" failures="0" errors="0" timestamp="2017-11-06T02:41:28" hostname="user" time="0.275">
  <properties/>
  <testcase name="eventWithReplyTokenShouldBeImplementReplySupportTest" classname="com.linecorp.bot.model.event.ReplyEventTest" time="0.275"/>
  <system-out><![CDATA[09:41:28.918 [Test worker] DEBUG org.springframework.core.env.StandardEnvironment - Adding [systemProperties] PropertySource with lowest search precedence
09:41:28.924 [Test worker] DEBUG org.springframework.core.env.StandardEnvironment - Adding [systemEnvironment] PropertySource with lowest search precedence
09:41:28.925 [Test worker] DEBUG org.springframework.core.env.StandardEnvironment - Initialized StandardEnvironment with PropertySources [systemProperties,systemEnvironment]
09:41:28.943 [Test worker] DEBUG org.springframework.core.io.support.PathMatchingResourcePatternResolver - Resolved classpath location [com/linecorp/bot/model/event/] to resources [URL [file:/C:/Users/asus-pc/line-bot-sdk-java/line-bot-model/build/classes/java/test/com/linecorp/bot/model/event/], URL [file:/C:/Users/asus-pc/line-bot-sdk-java/line-bot-model/build/classes/java/main/com/linecorp/bot/model/event/]]
09:41:28.944 [Test worker] DEBUG org.springframework.core.io.support.PathMatchingResourcePatternResolver - Looking for matching resources in directory tree [C:\Users\asus-pc\line-bot-sdk-java\line-bot-model\build\classes\java\test\com\linecorp\bot\model\event]
09:41:28.945 [Test worker] DEBUG org.springframework.core.io.support.PathMatchingResourcePatternResolver - Searching directory [C:\Users\asus-pc\line-bot-sdk-java\line-bot-model\build\classes\java\test\com\linecorp\bot\model\event] for files matching pattern [C:/Users/asus-pc/line-bot-sdk-java/line-bot-model/build/classes/java/test/com/linecorp/bot/model/event/**/*.class]
09:41:28.949 [Test worker] DEBUG org.springframework.core.io.support.PathMatchingResourcePatternResolver - Searching directory [C:\Users\asus-pc\line-bot-sdk-java\line-bot-model\build\classes\java\test\com\linecorp\bot\model\event\beacon] for files matching pattern [C:/Users/asus-pc/line-bot-sdk-java/line-bot-model/build/classes/java/test/com/linecorp/bot/model/event/**/*.class]
09:41:28.954 [Test worker] DEBUG org.springframework.core.io.support.PathMatchingResourcePatternResolver - Looking for matching resources in directory tree [C:\Users\asus-pc\line-bot-sdk-java\line-bot-model\build\classes\java\main\com\linecorp\bot\model\event]
09:41:28.956 [Test worker] DEBUG org.springframework.core.io.support.PathMatchingResourcePatternResolver - Searching directory [C:\Users\asus-pc\line-bot-sdk-java\line-bot-model\build\classes\java\main\com\linecorp\bot\model\event] for files matching pattern [C:/Users/asus-pc/line-bot-sdk-java/line-bot-model/build/classes/java/main/com/linecorp/bot/model/event/**/*.class]
09:41:28.957 [Test worker] DEBUG org.springframework.core.io.support.PathMatchingResourcePatternResolver - Searching directory [C:\Users\asus-pc\line-bot-sdk-java\line-bot-model\build\classes\java\main\com\linecorp\bot\model\event\beacon] for files matching pattern [C:/Users/asus-pc/line-bot-sdk-java/line-bot-model/build/classes/java/main/com/linecorp/bot/model/event/**/*.class]
09:41:28.960 [Test worker] DEBUG org.springframework.core.io.support.PathMatchingResourcePatternResolver - Searching directory [C:\Users\asus-pc\line-bot-sdk-java\line-bot-model\build\classes\java\main\com\linecorp\bot\model\event\message] for files matching pattern [C:/Users/asus-pc/line-bot-sdk-java/line-bot-model/build/classes/java/main/com/linecorp/bot/model/event/**/*.class]
09:41:28.968 [Test worker] DEBUG org.springframework.core.io.support.PathMatchingResourcePatternResolver - Searching directory [C:\Users\asus-pc\line-bot-sdk-java\line-bot-model\build\classes\java\main\com\linecorp\bot\model\event\postback] for files matching pattern [C:/Users/asus-pc/line-bot-sdk-java/line-bot-model/build/classes/java/main/com/linecorp/bot/model/event/**/*.class]
09:41:28.969 [Test worker] DEBUG org.springframework.core.io.support.PathMatchingResourcePatternResolver - Searching directory [C:\Users\asus-pc\line-bot-sdk-java\line-bot-model\build\classes\java\main\com\linecorp\bot\model\event\source] for files matching pattern [C:/Users/asus-pc/line-bot-sdk-java/line-bot-model/build/classes/java/main/com/linecorp/bot/model/event/**/*.class]
09:41:28.971 [Test worker] DEBUG org.springframework.core.io.support.PathMatchingResourcePatternResolver - Resolved location pattern [classpath*:com/linecorp/bot/model/event/**/*.class] to resources [file [C:\Users\asus-pc\line-bot-sdk-java\line-bot-model\build\classes\java\test\com\linecorp\bot\model\event\beacon\BeaconContentTest.class], file [C:\Users\asus-pc\line-bot-sdk-java\line-bot-model\build\classes\java\test\com\linecorp\bot\model\event\beacon\BeaconContentUtilTest.class], file [C:\Users\asus-pc\line-bot-sdk-java\line-bot-model\build\classes\java\test\com\linecorp\bot\model\event\CallbackRequestTest$RequestTester.class], file [C:\Users\asus-pc\line-bot-sdk-java\line-bot-model\build\classes\java\test\com\linecorp\bot\model\event\CallbackRequestTest.class], file [C:\Users\asus-pc\line-bot-sdk-java\line-bot-model\build\classes\java\test\com\linecorp\bot\model\event\MessageEventTest.class], file [C:\Users\asus-pc\line-bot-sdk-java\line-bot-model\build\classes\java\test\com\linecorp\bot\model\event\ReplyEventTest.class], file [C:\Users\asus-pc\line-bot-sdk-java\line-bot-model\build\classes\java\main\com\linecorp\bot\model\event\beacon\BeaconContent.class], file [C:\Users\asus-pc\line-bot-sdk-java\line-bot-model\build\classes\java\main\com\linecorp\bot\model\event\beacon\BeaconContentUtil.class], file [C:\Users\asus-pc\line-bot-sdk-java\line-bot-model\build\classes\java\main\com\linecorp\bot\model\event\BeaconEvent.class], file [C:\Users\asus-pc\line-bot-sdk-java\line-bot-model\build\classes\java\main\com\linecorp\bot\model\event\CallbackRequest.class], file [C:\Users\asus-pc\line-bot-sdk-java\line-bot-model\build\classes\java\main\com\linecorp\bot\model\event\Event.class], file [C:\Users\asus-pc\line-bot-sdk-java\line-bot-model\build\classes\java\main\com\linecorp\bot\model\event\FollowEvent.class], file [C:\Users\asus-pc\line-bot-sdk-java\line-bot-model\build\classes\java\main\com\linecorp\bot\model\event\JoinEvent.class], file [C:\Users\asus-pc\line-bot-sdk-java\line-bot-model\build\classes\java\main\com\linecorp\bot\model\event\LeaveEvent.class], file [C:\Users\asus-pc\line-bot-sdk-java\line-bot-model\build\classes\java\main\com\linecorp\bot\model\event\message\AudioMessageContent.class], file [C:\Users\asus-pc\line-bot-sdk-java\line-bot-model\build\classes\java\main\com\linecorp\bot\model\event\message\FileMessageContent.class], file [C:\Users\asus-pc\line-bot-sdk-java\line-bot-model\build\classes\java\main\com\linecorp\bot\model\event\message\ImageMessageContent.class], file [C:\Users\asus-pc\line-bot-sdk-java\line-bot-model\build\classes\java\main\com\linecorp\bot\model\event\message\LocationMessageContent.class], file [C:\Users\asus-pc\line-bot-sdk-java\line-bot-model\build\classes\java\main\com\linecorp\bot\model\event\message\MessageContent.class], file [C:\Users\asus-pc\line-bot-sdk-java\line-bot-model\build\classes\java\main\com\linecorp\bot\model\event\message\StickerMessageContent.class], file [C:\Users\asus-pc\line-bot-sdk-java\line-bot-model\build\classes\java\main\com\linecorp\bot\model\event\message\TextMessageContent.class], file [C:\Users\asus-pc\line-bot-sdk-java\line-bot-model\build\classes\java\main\com\linecorp\bot\model\event\message\UnknownMessageContent.class], file [C:\Users\asus-pc\line-bot-sdk-java\line-bot-model\build\classes\java\main\com\linecorp\bot\model\event\message\VideoMessageContent.class], file [C:\Users\asus-pc\line-bot-sdk-java\line-bot-model\build\classes\java\main\com\linecorp\bot\model\event\MessageEvent.class], file [C:\Users\asus-pc\line-bot-sdk-java\line-bot-model\build\classes\java\main\com\linecorp\bot\model\event\postback\PostbackContent.class], file [C:\Users\asus-pc\line-bot-sdk-java\line-bot-model\build\classes\java\main\com\linecorp\bot\model\event\PostbackEvent.class], file [C:\Users\asus-pc\line-bot-sdk-java\line-bot-model\build\classes\java\main\com\linecorp\bot\model\event\ReplyEvent.class], file [C:\Users\asus-pc\line-bot-sdk-java\line-bot-model\build\classes\java\main\com\linecorp\bot\model\event\source\GroupSource.class], file [C:\Users\asus-pc\line-bot-sdk-java\line-bot-model\build\classes\java\main\com\linecorp\bot\model\event\source\RoomSource.class], file [C:\Users\asus-pc\line-bot-sdk-java\line-bot-model\build\classes\java\main\com\linecorp\bot\model\event\source\Source.class], file [C:\Users\asus-pc\line-bot-sdk-java\line-bot-model\build\classes\java\main\com\linecorp\bot\model\event\source\UnknownSource.class], file [C:\Users\asus-pc\line-bot-sdk-java\line-bot-model\build\classes\java\main\com\linecorp\bot\model\event\source\UserSource.class], file [C:\Users\asus-pc\line-bot-sdk-java\line-bot-model\build\classes\java\main\com\linecorp\bot\model\event\UnfollowEvent.class], file [C:\Users\asus-pc\line-bot-sdk-java\line-bot-model\build\classes\java\main\com\linecorp\bot\model\event\UnknownEvent.class]]
09:41:29.065 [Test worker] DEBUG org.springframework.context.annotation.ClassPathScanningCandidateComponentProvider - Identified candidate component class: file [C:\Users\asus-pc\line-bot-sdk-java\line-bot-model\build\classes\java\test\com\linecorp\bot\model\event\beacon\BeaconContentTest.class]
09:41:29.066 [Test worker] DEBUG org.springframework.context.annotation.ClassPathScanningCandidateComponentProvider - Identified candidate component class: file [C:\Users\asus-pc\line-bot-sdk-java\line-bot-model\build\classes\java\test\com\linecorp\bot\model\event\beacon\BeaconContentUtilTest.class]
09:41:29.068 [Test worker] DEBUG org.springframework.context.annotation.ClassPathScanningCandidateComponentProvider - Ignored because not a concrete top-level class: file [C:\Users\asus-pc\line-bot-sdk-java\line-bot-model\build\classes\java\test\com\linecorp\bot\model\event\CallbackRequestTest$RequestTester.class]
09:41:29.071 [Test worker] DEBUG org.springframework.context.annotation.ClassPathScanningCandidateComponentProvider - Identified candidate component class: file [C:\Users\asus-pc\line-bot-sdk-java\line-bot-model\build\classes\java\test\com\linecorp\bot\model\event\CallbackRequestTest.class]
09:41:29.072 [Test worker] DEBUG org.springframework.context.annotation.ClassPathScanningCandidateComponentProvider - Identified candidate component class: file [C:\Users\asus-pc\line-bot-sdk-java\line-bot-model\build\classes\java\test\com\linecorp\bot\model\event\MessageEventTest.class]
09:41:29.073 [Test worker] DEBUG org.springframework.context.annotation.ClassPathScanningCandidateComponentProvider - Identified candidate component class: file [C:\Users\asus-pc\line-bot-sdk-java\line-bot-model\build\classes\java\test\com\linecorp\bot\model\event\ReplyEventTest.class]
09:41:29.074 [Test worker] DEBUG org.springframework.context.annotation.ClassPathScanningCandidateComponentProvider - Identified candidate component class: file [C:\Users\asus-pc\line-bot-sdk-java\line-bot-model\build\classes\java\main\com\linecorp\bot\model\event\beacon\BeaconContent.class]
09:41:29.075 [Test worker] DEBUG org.springframework.context.annotation.ClassPathScanningCandidateComponentProvider - Identified candidate component class: file [C:\Users\asus-pc\line-bot-sdk-java\line-bot-model\build\classes\java\main\com\linecorp\bot\model\event\beacon\BeaconContentUtil.class]
09:41:29.076 [Test worker] DEBUG org.springframework.context.annotation.ClassPathScanningCandidateComponentProvider - Identified candidate component class: file [C:\Users\asus-pc\line-bot-sdk-java\line-bot-model\build\classes\java\main\com\linecorp\bot\model\event\BeaconEvent.class]
09:41:29.077 [Test worker] DEBUG org.springframework.context.annotation.ClassPathScanningCandidateComponentProvider - Identified candidate component class: file [C:\Users\asus-pc\line-bot-sdk-java\line-bot-model\build\classes\java\main\com\linecorp\bot\model\event\CallbackRequest.class]
09:41:29.078 [Test worker] DEBUG org.springframework.context.annotation.ClassPathScanningCandidateComponentProvider - Ignored because not a concrete top-level class: file [C:\Users\asus-pc\line-bot-sdk-java\line-bot-model\build\classes\java\main\com\linecorp\bot\model\event\Event.class]
09:41:29.079 [Test worker] DEBUG org.springframework.context.annotation.ClassPathScanningCandidateComponentProvider - Identified candidate component class: file [C:\Users\asus-pc\line-bot-sdk-java\line-bot-model\build\classes\java\main\com\linecorp\bot\model\event\FollowEvent.class]
09:41:29.080 [Test worker] DEBUG org.springframework.context.annotation.ClassPathScanningCandidateComponentProvider - Identified candidate component class: file [C:\Users\asus-pc\line-bot-sdk-java\line-bot-model\build\classes\java\main\com\linecorp\bot\model\event\JoinEvent.class]
09:41:29.081 [Test worker] DEBUG org.springframework.context.annotation.ClassPathScanningCandidateComponentProvider - Identified candidate component class: file [C:\Users\asus-pc\line-bot-sdk-java\line-bot-model\build\classes\java\main\com\linecorp\bot\model\event\LeaveEvent.class]
09:41:29.082 [Test worker] DEBUG org.springframework.context.annotation.ClassPathScanningCandidateComponentProvider - Identified candidate component class: file [C:\Users\asus-pc\line-bot-sdk-java\line-bot-model\build\classes\java\main\com\linecorp\bot\model\event\message\AudioMessageContent.class]
09:41:29.083 [Test worker] DEBUG org.springframework.context.annotation.ClassPathScanningCandidateComponentProvider - Identified candidate component class: file [C:\Users\asus-pc\line-bot-sdk-java\line-bot-model\build\classes\java\main\com\linecorp\bot\model\event\message\FileMessageContent.class]
09:41:29.084 [Test worker] DEBUG org.springframework.context.annotation.ClassPathScanningCandidateComponentProvider - Identified candidate component class: file [C:\Users\asus-pc\line-bot-sdk-java\line-bot-model\build\classes\java\main\com\linecorp\bot\model\event\message\ImageMessageContent.class]
09:41:29.085 [Test worker] DEBUG org.springframework.context.annotation.ClassPathScanningCandidateComponentProvider - Identified candidate component class: file [C:\Users\asus-pc\line-bot-sdk-java\line-bot-model\build\classes\java\main\com\linecorp\bot\model\event\message\LocationMessageContent.class]
09:41:29.086 [Test worker] DEBUG org.springframework.context.annotation.ClassPathScanningCandidateComponentProvider - Ignored because not a concrete top-level class: file [C:\Users\asus-pc\line-bot-sdk-java\line-bot-model\build\classes\java\main\com\linecorp\bot\model\event\message\MessageContent.class]
09:41:29.087 [Test worker] DEBUG org.springframework.context.annotation.ClassPathScanningCandidateComponentProvider - Identified candidate component class: file [C:\Users\asus-pc\line-bot-sdk-java\line-bot-model\build\classes\java\main\com\linecorp\bot\model\event\message\StickerMessageContent.class]
09:41:29.088 [Test worker] DEBUG org.springframework.context.annotation.ClassPathScanningCandidateComponentProvider - Identified candidate component class: file [C:\Users\asus-pc\line-bot-sdk-java\line-bot-model\build\classes\java\main\com\linecorp\bot\model\event\message\TextMessageContent.class]
09:41:29.090 [Test worker] DEBUG org.springframework.context.annotation.ClassPathScanningCandidateComponentProvider - Identified candidate component class: file [C:\Users\asus-pc\line-bot-sdk-java\line-bot-model\build\classes\java\main\com\linecorp\bot\model\event\message\UnknownMessageContent.class]
09:41:29.091 [Test worker] DEBUG org.springframework.context.annotation.ClassPathScanningCandidateComponentProvider - Identified candidate component class: file [C:\Users\asus-pc\line-bot-sdk-java\line-bot-model\build\classes\java\main\com\linecorp\bot\model\event\message\VideoMessageContent.class]
09:41:29.092 [Test worker] DEBUG org.springframework.context.annotation.ClassPathScanningCandidateComponentProvider - Identified candidate component class: file [C:\Users\asus-pc\line-bot-sdk-java\line-bot-model\build\classes\java\main\com\linecorp\bot\model\event\MessageEvent.class]
09:41:29.093 [Test worker] DEBUG org.springframework.context.annotation.ClassPathScanningCandidateComponentProvider - Identified candidate component class: file [C:\Users\asus-pc\line-bot-sdk-java\line-bot-model\build\classes\java\main\com\linecorp\bot\model\event\postback\PostbackContent.class]
09:41:29.094 [Test worker] DEBUG org.springframework.context.annotation.ClassPathScanningCandidateComponentProvider - Identified candidate component class: file [C:\Users\asus-pc\line-bot-sdk-java\line-bot-model\build\classes\java\main\com\linecorp\bot\model\event\PostbackEvent.class]
09:41:29.095 [Test worker] DEBUG org.springframework.context.annotation.ClassPathScanningCandidateComponentProvider - Ignored because not a concrete top-level class: file [C:\Users\asus-pc\line-bot-sdk-java\line-bot-model\build\classes\java\main\com\linecorp\bot\model\event\ReplyEvent.class]
09:41:29.096 [Test worker] DEBUG org.springframework.context.annotation.ClassPathScanningCandidateComponentProvider - Identified candidate component class: file [C:\Users\asus-pc\line-bot-sdk-java\line-bot-model\build\classes\java\main\com\linecorp\bot\model\event\source\GroupSource.class]
09:41:29.097 [Test worker] DEBUG org.springframework.context.annotation.ClassPathScanningCandidateComponentProvider - Identified candidate component class: file [C:\Users\asus-pc\line-bot-sdk-java\line-bot-model\build\classes\java\main\com\linecorp\bot\model\event\source\RoomSource.class]
09:41:29.098 [Test worker] DEBUG org.springframework.context.annotation.ClassPathScanningCandidateComponentProvider - Ignored because not a concrete top-level class: file [C:\Users\asus-pc\line-bot-sdk-java\line-bot-model\build\classes\java\main\com\linecorp\bot\model\event\source\Source.class]
09:41:29.099 [Test worker] DEBUG org.springframework.context.annotation.ClassPathScanningCandidateComponentProvider - Identified candidate component class: file [C:\Users\asus-pc\line-bot-sdk-java\line-bot-model\build\classes\java\main\com\linecorp\bot\model\event\source\UnknownSource.class]
09:41:29.101 [Test worker] DEBUG org.springframework.context.annotation.ClassPathScanningCandidateComponentProvider - Identified candidate component class: file [C:\Users\asus-pc\line-bot-sdk-java\line-bot-model\build\classes\java\main\com\linecorp\bot\model\event\source\UserSource.class]
09:41:29.102 [Test worker] DEBUG org.springframework.context.annotation.ClassPathScanningCandidateComponentProvider - Identified candidate component class: file [C:\Users\asus-pc\line-bot-sdk-java\line-bot-model\build\classes\java\main\com\linecorp\bot\model\event\UnfollowEvent.class]
09:41:29.103 [Test worker] DEBUG org.springframework.context.annotation.ClassPathScanningCandidateComponentProvider - Identified candidate component class: file [C:\Users\asus-pc\line-bot-sdk-java\line-bot-model\build\classes\java\main\com\linecorp\bot\model\event\UnknownEvent.class]
09:41:29.146 [Test worker] INFO com.linecorp.bot.model.event.ReplyEventTest - eventClasses = [class com.linecorp.bot.model.event.BeaconEvent, class com.linecorp.bot.model.event.FollowEvent, class com.linecorp.bot.model.event.JoinEvent, class com.linecorp.bot.model.event.LeaveEvent, class com.linecorp.bot.model.event.MessageEvent, class com.linecorp.bot.model.event.PostbackEvent, class com.linecorp.bot.model.event.UnfollowEvent, class com.linecorp.bot.model.event.UnknownEvent]
]]></system-out>
  <system-err><![CDATA[]]></system-err>
</testsuite>
