<?xml version="1.0" encoding="UTF-8"?>
<testsuite name="com.linecorp.bot.client.LineMessagingServiceTest" tests="1" skipped="0" failures="0" errors="0" timestamp="2017-11-06T02:41:07" hostname="user" time="0.013">
  <properties/>
  <testcase name="relativeRequestTest" classname="com.linecorp.bot.client.LineMessagingServiceTest" time="0.013"/>
  <system-out><![CDATA[09:41:07.965 [MockWebServer 50191] INFO okhttp3.mockwebserver.MockWebServer - MockWebServer[50191] starting to accept connections
09:41:07.970 [Test worker] INFO com.linecorp.bot.client.wire - --> GET http://localhost:50191/CanContainsRelative/v2/bot/profile/USER_TOKEN http/1.1
09:41:07.970 [Test worker] INFO com.linecorp.bot.client.wire - Authorization: Bearer SECRET
09:41:07.970 [Test worker] INFO com.linecorp.bot.client.wire - User-Agent: line-botsdk-java/null
09:41:07.970 [Test worker] INFO com.linecorp.bot.client.wire - --> END GET
09:41:07.972 [Test worker] INFO com.linecorp.bot.client.wire - <-- 200 OK http://localhost:50191/CanContainsRelative/v2/bot/profile/USER_TOKEN (1ms)
09:41:07.972 [Test worker] INFO com.linecorp.bot.client.wire - Content-Length: 116
09:41:07.972 [MockWebServer /127.0.0.1:50192] INFO okhttp3.mockwebserver.MockWebServer - MockWebServer[50191] received request: GET /CanContainsRelative/v2/bot/profile/USER_TOKEN HTTP/1.1 and responded: HTTP/1.1 200 OK
09:41:07.973 [Test worker] INFO com.linecorp.bot.client.wire - 
09:41:07.973 [Test worker] INFO com.linecorp.bot.client.wire - {"displayName":"name","userId":"userId","pictureUrl":"https://line.me/picture_url","statusMessage":"Status message"}
09:41:07.973 [Test worker] INFO com.linecorp.bot.client.wire - <-- END HTTP (116-byte body)
09:41:07.976 [MockWebServer 50191] INFO okhttp3.mockwebserver.MockWebServer - MockWebServer[50191] done accepting connections: socket closed
]]></system-out>
  <system-err><![CDATA[]]></system-err>
</testsuite>
