<?xml version="1.0" encoding="UTF-8"?>
<testsuite name="com.linecorp.bot.client.LineMessagingClientImplWiremockTest" tests="5" skipped="0" failures="0" errors="0" timestamp="2017-11-06T02:41:07" hostname="user" time="0.073">
  <properties/>
  <testcase name="status500InternalServerErrorTest" classname="com.linecorp.bot.client.LineMessagingClientImplWiremockTest" time="0.03"/>
  <testcase name="status403ForbiddenTest" classname="com.linecorp.bot.client.LineMessagingClientImplWiremockTest" time="0.009"/>
  <testcase name="status401UnauthorizedTest" classname="com.linecorp.bot.client.LineMessagingClientImplWiremockTest" time="0.009"/>
  <testcase name="status400BadRequestTest" classname="com.linecorp.bot.client.LineMessagingClientImplWiremockTest" time="0.011"/>
  <testcase name="status429TooManyRequestsTest" classname="com.linecorp.bot.client.LineMessagingClientImplWiremockTest" time="0.013"/>
  <system-out><![CDATA[09:41:07.903 [OkHttp http://localhost:50181/...] INFO com.linecorp.bot.client.wire - --> GET http://localhost:50181/v2/bot/message/TOKEN/content http/1.1
09:41:07.904 [OkHttp http://localhost:50181/...] INFO com.linecorp.bot.client.wire - Authorization: Bearer token
09:41:07.904 [OkHttp http://localhost:50181/...] INFO com.linecorp.bot.client.wire - User-Agent: line-botsdk-java/null
09:41:07.905 [OkHttp http://localhost:50181/...] INFO com.linecorp.bot.client.wire - --> END GET
09:41:07.910 [OkHttp http://localhost:50181/...] INFO com.linecorp.bot.client.wire - <-- 500 Server Error http://localhost:50181/v2/bot/message/TOKEN/content (5ms)
09:41:07.910 [OkHttp http://localhost:50181/...] INFO com.linecorp.bot.client.wire - Content-Length: 55
09:41:07.910 [OkHttp http://localhost:50181/...] INFO com.linecorp.bot.client.wire - 
09:41:07.910 [OkHttp http://localhost:50181/...] INFO com.linecorp.bot.client.wire - {"message":"Error on the internal server","details":[]}
09:41:07.911 [OkHttp http://localhost:50181/...] INFO com.linecorp.bot.client.wire - <-- END HTTP (55-byte body)
09:41:07.920 [OkHttp http://localhost:50183/...] INFO com.linecorp.bot.client.wire - --> GET http://localhost:50183/v2/bot/message/TOKEN/content http/1.1
09:41:07.920 [OkHttp http://localhost:50183/...] INFO com.linecorp.bot.client.wire - Authorization: Bearer token
09:41:07.920 [OkHttp http://localhost:50183/...] INFO com.linecorp.bot.client.wire - User-Agent: line-botsdk-java/null
09:41:07.921 [OkHttp http://localhost:50183/...] INFO com.linecorp.bot.client.wire - --> END GET
09:41:07.923 [OkHttp http://localhost:50183/...] INFO com.linecorp.bot.client.wire - <-- 403 Client Error http://localhost:50183/v2/bot/message/TOKEN/content (2ms)
09:41:07.923 [OkHttp http://localhost:50183/...] INFO com.linecorp.bot.client.wire - Content-Length: 57
09:41:07.923 [OkHttp http://localhost:50183/...] INFO com.linecorp.bot.client.wire - 
09:41:07.923 [OkHttp http://localhost:50183/...] INFO com.linecorp.bot.client.wire - {"message":"Not authorized to use the API.","details":[]}
09:41:07.924 [OkHttp http://localhost:50183/...] INFO com.linecorp.bot.client.wire - <-- END HTTP (57-byte body)
09:41:07.930 [OkHttp http://localhost:50185/...] INFO com.linecorp.bot.client.wire - --> GET http://localhost:50185/v2/bot/message/TOKEN/content http/1.1
09:41:07.930 [OkHttp http://localhost:50185/...] INFO com.linecorp.bot.client.wire - Authorization: Bearer token
09:41:07.930 [OkHttp http://localhost:50185/...] INFO com.linecorp.bot.client.wire - User-Agent: line-botsdk-java/null
09:41:07.931 [OkHttp http://localhost:50185/...] INFO com.linecorp.bot.client.wire - --> END GET
09:41:07.933 [OkHttp http://localhost:50185/...] INFO com.linecorp.bot.client.wire - <-- 401 Client Error http://localhost:50185/v2/bot/message/TOKEN/content (1ms)
09:41:07.933 [OkHttp http://localhost:50185/...] INFO com.linecorp.bot.client.wire - Content-Length: 70
09:41:07.933 [OkHttp http://localhost:50185/...] INFO com.linecorp.bot.client.wire - 
09:41:07.933 [OkHttp http://localhost:50185/...] INFO com.linecorp.bot.client.wire - {"message":"Valid Channel access token is not specified","details":[]}
09:41:07.933 [OkHttp http://localhost:50185/...] INFO com.linecorp.bot.client.wire - <-- END HTTP (70-byte body)
09:41:07.938 [OkHttp http://localhost:50187/...] INFO com.linecorp.bot.client.wire - --> GET http://localhost:50187/v2/bot/message/TOKEN/content http/1.1
09:41:07.939 [OkHttp http://localhost:50187/...] INFO com.linecorp.bot.client.wire - Authorization: Bearer token
09:41:07.939 [OkHttp http://localhost:50187/...] INFO com.linecorp.bot.client.wire - User-Agent: line-botsdk-java/null
09:41:07.939 [OkHttp http://localhost:50187/...] INFO com.linecorp.bot.client.wire - --> END GET
09:41:07.942 [OkHttp http://localhost:50187/...] INFO com.linecorp.bot.client.wire - <-- 400 Client Error http://localhost:50187/v2/bot/message/TOKEN/content (1ms)
09:41:07.942 [OkHttp http://localhost:50187/...] INFO com.linecorp.bot.client.wire - Content-Length: 51
09:41:07.942 [OkHttp http://localhost:50187/...] INFO com.linecorp.bot.client.wire - 
09:41:07.943 [OkHttp http://localhost:50187/...] INFO com.linecorp.bot.client.wire - {"message":"Problem with the request","details":[]}
09:41:07.943 [OkHttp http://localhost:50187/...] INFO com.linecorp.bot.client.wire - <-- END HTTP (51-byte body)
09:41:07.956 [OkHttp http://localhost:50189/...] INFO com.linecorp.bot.client.wire - --> GET http://localhost:50189/v2/bot/message/TOKEN/content http/1.1
09:41:07.956 [OkHttp http://localhost:50189/...] INFO com.linecorp.bot.client.wire - Authorization: Bearer token
09:41:07.956 [OkHttp http://localhost:50189/...] INFO com.linecorp.bot.client.wire - User-Agent: line-botsdk-java/null
09:41:07.956 [OkHttp http://localhost:50189/...] INFO com.linecorp.bot.client.wire - --> END GET
09:41:07.958 [OkHttp http://localhost:50189/...] INFO com.linecorp.bot.client.wire - <-- 429 Client Error http://localhost:50189/v2/bot/message/TOKEN/content (1ms)
09:41:07.958 [OkHttp http://localhost:50189/...] INFO com.linecorp.bot.client.wire - Content-Length: 64
09:41:07.958 [OkHttp http://localhost:50189/...] INFO com.linecorp.bot.client.wire - 
09:41:07.958 [OkHttp http://localhost:50189/...] INFO com.linecorp.bot.client.wire - {"message":"Exceeded the rate limit for API calls","details":[]}
09:41:07.958 [OkHttp http://localhost:50189/...] INFO com.linecorp.bot.client.wire - <-- END HTTP (64-byte body)
]]></system-out>
  <system-err><![CDATA[]]></system-err>
</testsuite>
