<?xml version="1.0" encoding="UTF-8"?>
<testsuite name="com.linecorp.bot.client.LineMessagingClientBuilderTest" tests="11" skipped="0" failures="0" errors="0" timestamp="2017-11-06T02:41:07" hostname="user" time="0.12">
  <properties/>
  <testcase name="testBuild" classname="com.linecorp.bot.client.LineMessagingClientBuilderTest" time="0.053"/>
  <testcase name="testBuilderWithChannelTokenSupplier" classname="com.linecorp.bot.client.LineMessagingClientBuilderTest" time="0.018"/>
  <testcase name="setterTestForAddInterceptorFirst" classname="com.linecorp.bot.client.LineMessagingClientBuilderTest" time="0.01"/>
  <testcase name="setterTestForApiEndPoint" classname="com.linecorp.bot.client.LineMessagingClientBuilderTest" time="0.004"/>
  <testcase name="setterTestForReadTimeout" classname="com.linecorp.bot.client.LineMessagingClientBuilderTest" time="0.003"/>
  <testcase name="setterTestForAddInterceptorTimeout" classname="com.linecorp.bot.client.LineMessagingClientBuilderTest" time="0.01"/>
  <testcase name="setterTestForWriteTimeout" classname="com.linecorp.bot.client.LineMessagingClientBuilderTest" time="0.003"/>
  <testcase name="setterTestForRetrofitBuilder" classname="com.linecorp.bot.client.LineMessagingClientBuilderTest" time="0.002"/>
  <testcase name="setterTestForRemoveAllInterceptors" classname="com.linecorp.bot.client.LineMessagingClientBuilderTest" time="0.003"/>
  <testcase name="setterTestForConnectTimeout" classname="com.linecorp.bot.client.LineMessagingClientBuilderTest" time="0.004"/>
  <testcase name="setterTestForOkHttpClientBuilder" classname="com.linecorp.bot.client.LineMessagingClientBuilderTest" time="0.003"/>
  <system-out><![CDATA[09:41:07.784 [OkHttp http://localhost:50169/...] INFO com.linecorp.bot.client.wire - --> GET http://localhost:50169/v2/bot/profile/TEST http/1.1
09:41:07.785 [OkHttp http://localhost:50169/...] INFO com.linecorp.bot.client.wire - Authorization: Bearer MOCKED_TOKEN
09:41:07.785 [OkHttp http://localhost:50169/...] INFO com.linecorp.bot.client.wire - User-Agent: line-botsdk-java/null
09:41:07.785 [OkHttp http://localhost:50169/...] INFO com.linecorp.bot.client.wire - --> END GET
]]></system-out>
  <system-err><![CDATA[]]></system-err>
</testsuite>
